<?xml version="1.0" encoding="UTF-8"?>
<!-- Generated by org.testng.reporters.JUnitXMLReporter -->
<testsuite ignored="0" hostname="6238L11" failures="0" tests="3" name="Test" time="51.477" errors="0" timestamp="2025-05-14T17:24:08 IST">
  <testcase classname="Practice.framework.Errorvalidation" name="error" time="7.156"/>
  <testcase classname="Practice.framework.Basetest" name="test" time="20.755"/>
  <testcase classname="Practice.framework.Basetest" name="test" time="22.901"/>
</testsuite> <!-- Test -->
