<?xml version="1.0" encoding="UTF-8"?>
<!-- Generated by org.testng.reporters.JUnitXMLReporter -->
<testsuite ignored="0" hostname="6238L11" failures="0" tests="15" name="Test" time="2130.996" errors="0" timestamp="2025-05-13T18:20:18 IST">
  <testcase classname="FMClient.Newtestrulecreation" name="Testrulecreation" time="248.071"/>
  <testcase classname="FMClient.Newrulecreation" name="testnewrulecreation" time="115.115"/>
  <testcase classname="FMClient.Templaterule" name="testtemplatecreation" time="119.698"/>
  <testcase classname="FMClient.HotlistFromFile" name="HotlistPage" time="118.302"/>
  <testcase classname="FMClient.Hotlist" name="HotlistPage" time="231.578"/>
  <testcase classname="FMClient.StandardNickname" name="NicknamePage" time="122.999"/>
  <testcase classname="FMClient.Customnickname" name="NicknamePage" time="111.025"/>
  <testcase classname="FMClient.ClosedAlarms" name="testClosedAlarms" time="120.536"/>
  <testcase classname="FMClient.OpenAlarms" name="testOpenAlarms" time="119.296"/>
  <testcase classname="FMClient.GlobalExceptionPage" name="testglobalexception" time="21.832"/>
  <testcase classname="FMClient.Usertest" name="testUserpage" time="57.224"/>
  <testcase classname="FMClient.RecordView2Adavncedfilter" name="Recordviewtestcase" time="34.197"/>
  <testcase classname="FMClient.RecordViewCDR" name="testnewrulecreation" time="98.463"/>
  <testcase classname="FMClient.ActiveAlarms" name="testnewrulecreation" time="154.576"/>
  <testcase classname="FMClient.Export" name="Testrulecreation" time="44.388"/>
</testsuite> <!-- Test -->
