<?xml version="1.0" encoding="UTF-8"?>
<!-- Generated by org.testng.reporters.JUnitXMLReporter -->
<testsuite ignored="0" hostname="6238L11" failures="1" tests="3" name="Carloan" time="0.147" errors="0" timestamp="2024-11-10T13:17:19 IST">
  <testcase classname="Mamatha.day2" name="carloan4" time="0.033">
    <failure type="java.lang.AssertionError" message="expected [true] but found [false]">
      <![CDATA[java.lang.AssertionError: expected [true] but found [false]
at Mamatha.day2.carloan4(day2.java:13)
at java.base/java.util.ArrayList.forEach(ArrayList.java:1511)
at java.base/java.util.concurrent.FutureTask.run(FutureTask.java:264)
at java.base/java.util.concurrent.ThreadPoolExecutor.runWorker(ThreadPoolExecutor.java:1136)
at java.base/java.util.concurrent.ThreadPoolExecutor$Worker.run(ThreadPoolExecutor.java:635)
at java.base/java.lang.Thread.run(Thread.java:833)
... Removed 21 stack frames]]>
    </failure>
  </testcase> <!-- carloan4 -->
  <testcase classname="Mamatha.day2" name="carloan5" time="0.004"/>
  <testcase classname="Mamatha.day2" name="carloan6" time="0.002"/>
</testsuite> <!-- Carloan -->
