<?xml version="1.0" encoding="UTF-8"?>
<!-- Generated by org.testng.reporters.JUnitXMLReporter -->
<testsuite ignored="1" hostname="6238L11" failures="1" tests="6" name="carloan" time="0.089" errors="0" timestamp="2025-04-19T16:35:22 IST">
  <testcase classname="Practice.TestNGpractice2" name="getdata7" time="0.001"/>
  <testcase classname="Practice.TestNGpractice1" name="getdata" time="0.023">
    <failure type="java.lang.AssertionError" message="expected [anu] but found [manu]">
      <![CDATA[java.lang.AssertionError: expected [anu] but found [manu]
at Practice.TestNGpractice1.getdata(TestNGpractice1.java:46)
at java.base/java.util.concurrent.Executors$RunnableAdapter.call(Executors.java:539)
at java.base/java.util.concurrent.FutureTask.run(FutureTask.java:264)
at java.base/java.util.concurrent.ThreadPoolExecutor.runWorker(ThreadPoolExecutor.java:1136)
at java.base/java.util.concurrent.ThreadPoolExecutor$Worker.run(ThreadPoolExecutor.java:635)
at java.base/java.lang.Thread.run(Thread.java:833)
... Removed 19 stack frames]]>
    </failure>
  </testcase> <!-- getdata -->
  <testcase classname="Practice.TestNGpractice1" name="getdata1" time="0.0"/>
  <testcase classname="Practice.TestNGpractice1" name="getdata2" time="0.001"/>
  <testcase classname="Practice.TestNGpractice1" name="getdata3" time="0.002"/>
  <testcase classname="Practice.TestNGpractice1" name="getdata3" time="0.001"/>
  <testcase classname="Practice.TestNGpractice2" name="getdata6" time="0.0">
    <ignored/>
  </testcase> <!-- getdata6 -->
</testsuite> <!-- carloan -->
